  DataHandler.cpp
C:\Program Files\Microsoft Visual Studio\2022\Community\VC\Tools\MSVC\14.33.31629\include\numeric(25,1): warning C4267: =: преобразование из "size_t" в "_Ty"; возможна потеря данных
          with
          [
              _Ty=int
          ]
C:\Program Files\Microsoft Visual Studio\2022\Community\VC\Tools\MSVC\14.33.31629\include\numeric(41): message : выполняется компиляция ссылки на экземпляр шаблон функции "_Ty std::accumulate<_InIt,_Ty,std::plus<void>>(const _InIt,const _InIt,_Ty,_Fn)"
          with
          [
              _Ty=int,
              _InIt=std::_Vector_const_iterator<std::_Vector_val<std::_Simple_types<size_t>>>,
              _Fn=std::plus<void>
          ]
F:\projects\mutexborschveskii\mutexborschveskii\DataHandler.cpp(62): message : выполняется компиляция ссылки на экземпляр шаблон функции "_Ty std::accumulate<std::_Vector_const_iterator<std::_Vector_val<std::_Simple_types<unsigned __int64>>>,int>(const _InIt,const _InIt,_Ty)"
          with
          [
              _Ty=int,
              _InIt=std::_Vector_const_iterator<std::_Vector_val<std::_Simple_types<size_t>>>
          ]
  main.cpp
  MethodHandler.cpp
F:\projects\mutexborschveskii\mutexborschveskii\MethodHandler.cpp(17,50): warning C4244: аргумент: преобразование "__int64" в "int", возможна потеря данных
F:\projects\mutexborschveskii\mutexborschveskii\MethodHandler.cpp(41,50): warning C4244: аргумент: преобразование "__int64" в "int", возможна потеря данных
F:\projects\mutexborschveskii\mutexborschveskii\MethodHandler.cpp(65,50): warning C4244: аргумент: преобразование "__int64" в "int", возможна потеря данных
F:\projects\mutexborschveskii\mutexborschveskii\MethodHandler.cpp(89,50): warning C4244: аргумент: преобразование "__int64" в "int", возможна потеря данных
F:\projects\mutexborschveskii\mutexborschveskii\MethodHandler.cpp(113,50): warning C4244: аргумент: преобразование "__int64" в "int", возможна потеря данных
  Создание кода...
  mutexborschveskii.vcxproj -> F:\projects\mutexborschveskii\x64\Debug\mutexborschveskii.exe
